<?xml version="1.0" encoding="UTF-8"?>
<!-- Generated by org.testng.reporters.JUnitReportReporter -->
<testsuite skipped="0" hostname="sul0gbmv2059" name="StepDefinition.StepDefinition" tests="1" failures="0" timestamp="2020-02-23T22:31:14 GMT" time="0.005" errors="0">
  <testcase name="test2" time="0.005" classname="StepDefinition.StepDefinition"/>
</testsuite> <!-- StepDefinition.StepDefinition -->
