<?xml version="1.0" encoding="UTF-8"?>
<!-- Generated by org.testng.reporters.JUnitReportReporter -->
<testsuite skipped="0" hostname="sul0gbmv2059" name="firstPackage.firstTestngPackage" tests="1" failures="0" timestamp="2020-02-23T21:00:05 GMT" time="0.008" errors="0">
  <testcase name="f" time="0.008" classname="firstPackage.firstTestngPackage"/>
</testsuite> <!-- firstPackage.firstTestngPackage -->
